# JRE version: Java(TM) SE Runtime Environment (8.0_65-b17) (build 1.8.0_65-b17)
# Java VM: Java HotSpot(TM) 64-Bit Server VM (25.65-b01 mixed mode bsd-amd64 compressed oops)
Heap:
 PSYoungGen      total 66560K, used 14286K [0x0000000795580000, 0x000000079a500000, 0x00000007c0000000)
  eden space 53760K, 17% used [0x0000000795580000,0x0000000795e738f8,0x0000000798a00000)
  from space 12800K, 40% used [0x0000000799880000,0x0000000799d80090,0x000000079a500000)
  to   space 13824K, 0% used [0x0000000798a00000,0x0000000798a00000,0x0000000799780000)
 ParOldGen       total 84480K, used 21551K [0x0000000740000000, 0x0000000745280000, 0x0000000795580000)
  object space 84480K, 25% used [0x0000000740000000,0x000000074150be58,0x0000000745280000)
 Metaspace       used 25370K, capacity 25565K, committed 25856K, reserved 1073152K
  class space    used 1968K, capacity 2046K, committed 2048K, reserved 1048576K
GC Heap History (10 events):
Event: 8.149 GC heap before
{Heap before GC invocations=5 (full 1):
 PSYoungGen      total 38400K, used 38396K [0x0000000795580000, 0x0000000798880000, 0x00000007c0000000)
  eden space 33280K, 100% used [0x0000000795580000,0x0000000797600000,0x0000000797600000)
  from space 5120K, 99% used [0x0000000797600000,0x0000000797aff1f8,0x0000000797b00000)
  to   space 5120K, 0% used [0x0000000798380000,0x0000000798380000,0x0000000798880000)
 ParOldGen       total 84480K, used 17247K [0x0000000740000000, 0x0000000745280000, 0x0000000795580000)
  object space 84480K, 20% used [0x0000000740000000,0x00000007410d7f38,0x0000000745280000)
 Metaspace       used 25092K, capacity 25277K, committed 25600K, reserved 1073152K
  class space    used 1960K, capacity 2014K, committed 2048K, reserved 1048576K
Event: 8.155 GC heap after
Heap after GC invocations=5 (full 1):
 PSYoungGen      total 46080K, used 5118K [0x0000000795580000, 0x0000000798880000, 0x00000007c0000000)
  eden space 40960K, 0% used [0x0000000795580000,0x0000000795580000,0x0000000797d80000)
  from space 5120K, 99% used [0x0000000798380000,0x000000079887fab0,0x0000000798880000)
  to   space 5120K, 0% used [0x0000000797e80000,0x0000000797e80000,0x0000000798380000)
 ParOldGen       total 84480K, used 20333K [0x0000000740000000, 0x0000000745280000, 0x0000000795580000)
  object space 84480K, 24% used [0x0000000740000000,0x00000007413db478,0x0000000745280000)
 Metaspace       used 25092K, capacity 25277K, committed 25600K, reserved 1073152K
  class space    used 1960K, capacity 2014K, committed 2048K, reserved 1048576K
}
Event: 17.398 GC heap before
{Heap before GC invocations=6 (full 1):
 PSYoungGen      total 46080K, used 46078K [0x0000000795580000, 0x0000000798880000, 0x00000007c0000000)
  eden space 40960K, 100% used [0x0000000795580000,0x0000000797d80000,0x0000000797d80000)
  from space 5120K, 99% used [0x0000000798380000,0x000000079887fab0,0x0000000798880000)
  to   space 5120K, 0% used [0x0000000797e80000,0x0000000797e80000,0x0000000798380000)
 ParOldGen       total 84480K, used 20333K [0x0000000740000000, 0x0000000745280000, 0x0000000795580000)
  object space 84480K, 24% used [0x0000000740000000,0x00000007413db478,0x0000000745280000)
 Metaspace       used 25327K, capacity 25533K, committed 25856K, reserved 1073152K
  class space    used 1960K, capacity 2014K, committed 2048K, reserved 1048576K
Event: 17.405 GC heap after
Heap after GC invocations=6 (full 1):
 PSYoungGen      total 47104K, used 5088K [0x0000000795580000, 0x000000079a100000, 0x00000007c0000000)
  eden space 41984K, 0% used [0x0000000795580000,0x0000000795580000,0x0000000797e80000)
  from space 5120K, 99% used [0x0000000797e80000,0x0000000798378090,0x0000000798380000)
  to   space 14336K, 0% used [0x0000000799300000,0x0000000799300000,0x000000079a100000)
 ParOldGen       total 84480K, used 21527K [0x0000000740000000, 0x0000000745280000, 0x0000000795580000)
  object space 84480K, 25% used [0x0000000740000000,0x0000000741505e58,0x0000000745280000)
 Metaspace       used 25327K, capacity 25533K, committed 25856K, reserved 1073152K
  class space    used 1960K, capacity 2014K, committed 2048K, reserved 1048576K
}
Event: 30.821 GC heap before
{Heap before GC invocations=7 (full 1):
 PSYoungGen      total 47104K, used 47072K [0x0000000795580000, 0x000000079a100000, 0x00000007c0000000)
  eden space 41984K, 100% used [0x0000000795580000,0x0000000797e80000,0x0000000797e80000)
  from space 5120K, 99% used [0x0000000797e80000,0x0000000798378090,0x0000000798380000)
  to   space 14336K, 0% used [0x0000000799300000,0x0000000799300000,0x000000079a100000)
 ParOldGen       total 84480K, used 21527K [0x0000000740000000, 0x0000000745280000, 0x0000000795580000)
  object space 84480K, 25% used [0x0000000740000000,0x0000000741505e58,0x0000000745280000)
 Metaspace       used 25330K, capacity 25533K, committed 25856K, reserved 1073152K
  class space    used 1960K, capacity 2014K, committed 2048K, reserved 1048576K
Event: 30.832 GC heap after
Heap after GC invocations=7 (full 1):
 PSYoungGen      total 62976K, used 5152K [0x0000000795580000, 0x000000079a100000, 0x00000007c0000000)
  eden space 48640K, 0% used [0x0000000795580000,0x0000000795580000,0x0000000798500000)
  from space 14336K, 35% used [0x0000000799300000,0x0000000799808090,0x000000079a100000)
  to   space 14336K, 0% used [0x0000000798500000,0x0000000798500000,0x0000000799300000)
 ParOldGen       total 84480K, used 21535K [0x0000000740000000, 0x0000000745280000, 0x0000000795580000)
  object space 84480K, 25% used [0x0000000740000000,0x0000000741507e58,0x0000000745280000)
 Metaspace       used 25330K, capacity 25533K, committed 25856K, reserved 1073152K
  class space    used 1960K, capacity 2014K, committed 2048K, reserved 1048576K
}
Event: 46.895 GC heap before
{Heap before GC invocations=8 (full 1):
 PSYoungGen      total 62976K, used 53792K [0x0000000795580000, 0x000000079a100000, 0x00000007c0000000)
  eden space 48640K, 100% used [0x0000000795580000,0x0000000798500000,0x0000000798500000)
  from space 14336K, 35% used [0x0000000799300000,0x0000000799808090,0x000000079a100000)
  to   space 14336K, 0% used [0x0000000798500000,0x0000000798500000,0x0000000799300000)
 ParOldGen       total 84480K, used 21535K [0x0000000740000000, 0x0000000745280000, 0x0000000795580000)
  object space 84480K, 25% used [0x0000000740000000,0x0000000741507e58,0x0000000745280000)
 Metaspace       used 25330K, capacity 25533K, committed 25856K, reserved 1073152K
  class space    used 1960K, capacity 2014K, committed 2048K, reserved 1048576K
Event: 46.904 GC heap after
Heap after GC invocations=8 (full 1):
 PSYoungGen      total 62976K, used 5088K [0x0000000795580000, 0x000000079a600000, 0x00000007c0000000)
  eden space 48640K, 0% used [0x0000000795580000,0x0000000795580000,0x0000000798500000)
  from space 14336K, 35% used [0x0000000798500000,0x00000007989f8090,0x0000000799300000)
  to   space 13824K, 0% used [0x0000000799880000,0x0000000799880000,0x000000079a600000)
 ParOldGen       total 84480K, used 21543K [0x0000000740000000, 0x0000000745280000, 0x0000000795580000)
  object space 84480K, 25% used [0x0000000740000000,0x0000000741509e58,0x0000000745280000)
 Metaspace       used 25330K, capacity 25533K, committed 25856K, reserved 1073152K
  class space    used 1960K, capacity 2014K, committed 2048K, reserved 1048576K
}
Event: 66.665 GC heap before
{Heap before GC invocations=9 (full 1):
 PSYoungGen      total 62976K, used 53728K [0x0000000795580000, 0x000000079a600000, 0x00000007c0000000)
  eden space 48640K, 100% used [0x0000000795580000,0x0000000798500000,0x0000000798500000)
  from space 14336K, 35% used [0x0000000798500000,0x00000007989f8090,0x0000000799300000)
  to   space 13824K, 0% used [0x0000000799880000,0x0000000799880000,0x000000079a600000)
 ParOldGen       total 84480K, used 21543K [0x0000000740000000, 0x0000000745280000, 0x0000000795580000)
  object space 84480K, 25% used [0x0000000740000000,0x0000000741509e58,0x0000000745280000)
 Metaspace       used 25331K, capacity 25533K, committed 25856K, reserved 1073152K
  class space    used 1960K, capacity 2014K, committed 2048K, reserved 1048576K
Event: 66.677 GC heap after
Heap after GC invocations=9 (full 1):
 PSYoungGen      total 66560K, used 5120K [0x0000000795580000, 0x000000079a500000, 0x00000007c0000000)
  eden space 53760K, 0% used [0x0000000795580000,0x0000000795580000,0x0000000798a00000)
  from space 12800K, 40% used [0x0000000799880000,0x0000000799d80090,0x000000079a500000)
  to   space 13824K, 0% used [0x0000000798a00000,0x0000000798a00000,0x0000000799780000)
 ParOldGen       total 84480K, used 21551K [0x0000000740000000, 0x0000000745280000, 0x0000000795580000)
  object space 84480K, 25% used [0x0000000740000000,0x000000074150be58,0x0000000745280000)
 Metaspace       used 25331K, capacity 25533K, committed 25856K, reserved 1073152K
  class space    used 1960K, capacity 2014K, committed 2048K, reserved 1048576K
}

