# JRE version: Java(TM) SE Runtime Environment (8.0_65-b17) (build 1.8.0_65-b17)
# Java VM: Java HotSpot(TM) 64-Bit Server VM (25.65-b01 mixed mode bsd-amd64 compressed oops)
Heap:
 PSYoungGen      total 46080K, used 26100K [0x0000000795580000, 0x0000000798800000, 0x00000007c0000000)
  eden space 40960K, 51% used [0x0000000795580000,0x00000007969feeb0,0x0000000797d80000)
  from space 5120K, 99% used [0x0000000798300000,0x00000007987fe2a0,0x0000000798800000)
  to   space 5120K, 0% used [0x0000000797e00000,0x0000000797e00000,0x0000000798300000)
 ParOldGen       total 84992K, used 20600K [0x0000000740000000, 0x0000000745300000, 0x0000000795580000)
  object space 84992K, 24% used [0x0000000740000000,0x000000074141e368,0x0000000745300000)
 Metaspace       used 25378K, capacity 25581K, committed 25856K, reserved 1073152K
  class space    used 1967K, capacity 2046K, committed 2048K, reserved 1048576K
GC Heap History (10 events):
Event: 2.861 GC heap before
{Heap before GC invocations=1 (full 0):
 PSYoungGen      total 38400K, used 33280K [0x0000000795580000, 0x0000000798000000, 0x00000007c0000000)
  eden space 33280K, 100% used [0x0000000795580000,0x0000000797600000,0x0000000797600000)
  from space 5120K, 0% used [0x0000000797b00000,0x0000000797b00000,0x0000000798000000)
  to   space 5120K, 0% used [0x0000000797600000,0x0000000797600000,0x0000000797b00000)
 ParOldGen       total 87552K, used 0K [0x0000000740000000, 0x0000000745580000, 0x0000000795580000)
  object space 87552K, 0% used [0x0000000740000000,0x0000000740000000,0x0000000745580000)
 Metaspace       used 15844K, capacity 16031K, committed 16384K, reserved 1064960K
  class space    used 1597K, capacity 1692K, committed 1792K, reserved 1048576K
Event: 2.869 GC heap after
Heap after GC invocations=1 (full 0):
 PSYoungGen      total 38400K, used 4888K [0x0000000795580000, 0x0000000798000000, 0x00000007c0000000)
  eden space 33280K, 0% used [0x0000000795580000,0x0000000795580000,0x0000000797600000)
  from space 5120K, 95% used [0x0000000797600000,0x0000000797ac6218,0x0000000797b00000)
  to   space 5120K, 0% used [0x0000000797b00000,0x0000000797b00000,0x0000000798000000)
 ParOldGen       total 87552K, used 8K [0x0000000740000000, 0x0000000745580000, 0x0000000795580000)
  object space 87552K, 0% used [0x0000000740000000,0x0000000740002000,0x0000000745580000)
 Metaspace       used 15844K, capacity 16031K, committed 16384K, reserved 1064960K
  class space    used 1597K, capacity 1692K, committed 1792K, reserved 1048576K
}
Event: 3.818 GC heap before
{Heap before GC invocations=2 (full 0):
 PSYoungGen      total 38400K, used 35613K [0x0000000795580000, 0x0000000798000000, 0x00000007c0000000)
  eden space 33280K, 92% used [0x0000000795580000,0x00000007973815c8,0x0000000797600000)
  from space 5120K, 95% used [0x0000000797600000,0x0000000797ac6218,0x0000000797b00000)
  to   space 5120K, 0% used [0x0000000797b00000,0x0000000797b00000,0x0000000798000000)
 ParOldGen       total 87552K, used 8K [0x0000000740000000, 0x0000000745580000, 0x0000000795580000)
  object space 87552K, 0% used [0x0000000740000000,0x0000000740002000,0x0000000745580000)
 Metaspace       used 20928K, capacity 21114K, committed 21296K, reserved 1069056K
  class space    used 1820K, capacity 1885K, committed 1920K, reserved 1048576K
Event: 3.832 GC heap after
Heap after GC invocations=2 (full 0):
 PSYoungGen      total 38400K, used 5088K [0x0000000795580000, 0x0000000798000000, 0x00000007c0000000)
  eden space 33280K, 0% used [0x0000000795580000,0x0000000795580000,0x0000000797600000)
  from space 5120K, 99% used [0x0000000797b00000,0x0000000797ff8060,0x0000000798000000)
  to   space 5120K, 0% used [0x0000000797600000,0x0000000797600000,0x0000000797b00000)
 ParOldGen       total 87552K, used 10011K [0x0000000740000000, 0x0000000745580000, 0x0000000795580000)
  object space 87552K, 11% used [0x0000000740000000,0x00000007409c6cf0,0x0000000745580000)
 Metaspace       used 20928K, capacity 21114K, committed 21296K, reserved 1069056K
  class space    used 1820K, capacity 1885K, committed 1920K, reserved 1048576K
}
Event: 3.832 GC heap before
{Heap before GC invocations=3 (full 1):
 PSYoungGen      total 38400K, used 5088K [0x0000000795580000, 0x0000000798000000, 0x00000007c0000000)
  eden space 33280K, 0% used [0x0000000795580000,0x0000000795580000,0x0000000797600000)
  from space 5120K, 99% used [0x0000000797b00000,0x0000000797ff8060,0x0000000798000000)
  to   space 5120K, 0% used [0x0000000797600000,0x0000000797600000,0x0000000797b00000)
 ParOldGen       total 87552K, used 10011K [0x0000000740000000, 0x0000000745580000, 0x0000000795580000)
  object space 87552K, 11% used [0x0000000740000000,0x00000007409c6cf0,0x0000000745580000)
 Metaspace       used 20928K, capacity 21114K, committed 21296K, reserved 1069056K
  class space    used 1820K, capacity 1885K, committed 1920K, reserved 1048576K
Event: 3.910 GC heap after
Heap after GC invocations=3 (full 1):
 PSYoungGen      total 38400K, used 0K [0x0000000795580000, 0x0000000798000000, 0x00000007c0000000)
  eden space 33280K, 0% used [0x0000000795580000,0x0000000795580000,0x0000000797600000)
  from space 5120K, 0% used [0x0000000797b00000,0x0000000797b00000,0x0000000798000000)
  to   space 5120K, 0% used [0x0000000797600000,0x0000000797600000,0x0000000797b00000)
 ParOldGen       total 84992K, used 14991K [0x0000000740000000, 0x0000000745300000, 0x0000000795580000)
  object space 84992K, 17% used [0x0000000740000000,0x0000000740ea3e10,0x0000000745300000)
 Metaspace       used 20928K, capacity 21114K, committed 21296K, reserved 1069056K
  class space    used 1820K, capacity 1885K, committed 1920K, reserved 1048576K
}
Event: 6.291 GC heap before
{Heap before GC invocations=4 (full 1):
 PSYoungGen      total 38400K, used 33280K [0x0000000795580000, 0x0000000798000000, 0x00000007c0000000)
  eden space 33280K, 100% used [0x0000000795580000,0x0000000797600000,0x0000000797600000)
  from space 5120K, 0% used [0x0000000797b00000,0x0000000797b00000,0x0000000798000000)
  to   space 5120K, 0% used [0x0000000797600000,0x0000000797600000,0x0000000797b00000)
 ParOldGen       total 84992K, used 14991K [0x0000000740000000, 0x0000000745300000, 0x0000000795580000)
  object space 84992K, 17% used [0x0000000740000000,0x0000000740ea3e10,0x0000000745300000)
 Metaspace       used 24617K, capacity 24804K, committed 25088K, reserved 1073152K
  class space    used 1959K, capacity 2014K, committed 2048K, reserved 1048576K
Event: 6.300 GC heap after
Heap after GC invocations=4 (full 1):
 PSYoungGen      total 38400K, used 5092K [0x0000000795580000, 0x0000000798800000, 0x00000007c0000000)
  eden space 33280K, 0% used [0x0000000795580000,0x0000000795580000,0x0000000797600000)
  from space 5120K, 99% used [0x0000000797600000,0x0000000797af90c8,0x0000000797b00000)
  to   space 5120K, 0% used [0x0000000798300000,0x0000000798300000,0x0000000798800000)
 ParOldGen       total 84992K, used 17032K [0x0000000740000000, 0x0000000745300000, 0x0000000795580000)
  object space 84992K, 20% used [0x0000000740000000,0x00000007410a2328,0x0000000745300000)
 Metaspace       used 24617K, capacity 24804K, committed 25088K, reserved 1073152K
  class space    used 1959K, capacity 2014K, committed 2048K, reserved 1048576K
}
Event: 8.530 GC heap before
{Heap before GC invocations=5 (full 1):
 PSYoungGen      total 38400K, used 38297K [0x0000000795580000, 0x0000000798800000, 0x00000007c0000000)
  eden space 33280K, 99% used [0x0000000795580000,0x00000007975ed660,0x0000000797600000)
  from space 5120K, 99% used [0x0000000797600000,0x0000000797af90c8,0x0000000797b00000)
  to   space 5120K, 0% used [0x0000000798300000,0x0000000798300000,0x0000000798800000)
 ParOldGen       total 84992K, used 17032K [0x0000000740000000, 0x0000000745300000, 0x0000000795580000)
  object space 84992K, 20% used [0x0000000740000000,0x00000007410a2328,0x0000000745300000)
 Metaspace       used 25135K, capacity 25357K, committed 25600K, reserved 1073152K
  class space    used 1959K, capacity 2014K, committed 2048K, reserved 1048576K
Event: 8.538 GC heap after
Heap after GC invocations=5 (full 1):
 PSYoungGen      total 46080K, used 5112K [0x0000000795580000, 0x0000000798800000, 0x00000007c0000000)
  eden space 40960K, 0% used [0x0000000795580000,0x0000000795580000,0x0000000797d80000)
  from space 5120K, 99% used [0x0000000798300000,0x00000007987fe2a0,0x0000000798800000)
  to   space 5120K, 0% used [0x0000000797e00000,0x0000000797e00000,0x0000000798300000)
 ParOldGen       total 84992K, used 20600K [0x0000000740000000, 0x0000000745300000, 0x0000000795580000)
  object space 84992K, 24% used [0x0000000740000000,0x000000074141e368,0x0000000745300000)
 Metaspace       used 25135K, capacity 25357K, committed 25600K, reserved 1073152K
  class space    used 1959K, capacity 2014K, committed 2048K, reserved 1048576K
}

